----------------------------- Testing -----------------------------

############################### 15998 ###############################
01-Jun-23 16:30:00.069259
Store Polling Data Entry Service Has Begun...
CSV File Download Completed From Google Drive...
Transfer To DataBase Incomplete...
############################### 15998 ###############################
01-Jun-23 16:33:00.099659
Store Polling Data Entry Service Has Begun...
CSV File Download Completed From Google Drive...
Transfer To DataBase Incomplete...
############################### 15998 ###############################
01-Jun-23 16:36:00.091038
Store Polling Data Entry Service Has Begun...
CSV File Download Completed From Google Drive...
Transfer To DataBase Incomplete...
############################### 15998 ###############################
01-Jun-23 16:39:00.079706
Store Polling Data Entry Service Has Begun...
CSV File Download Completed From Google Drive...
Transfer To DataBase Incomplete...
############################### 15998 ###############################
01-Jun-23 16:42:00.097002
Store Polling Data Entry Service Has Begun...
CSV File Download Completed From Google Drive...
Transfer To DataBase Incomplete...

----------------------------- Production -----------------------------

############################### 37970 ###############################
01-Jun-23 19:30:00.144758
Store Polling Data Entry Service Has Begun...
CSV File Download Completed From Google Drive...
Transfer To DataBase Incomplete...
############################### 27321 ###############################
03-Jun-23 21:38:11.740996
Store Polling Data Entry Service Has Begun...
CSV File Download Completed From Google Drive...
Transfer To DataBase Incomplete...
